
map "gamerender_impl_1_syn.udb" "C:/Users/gdiaz01/my_designs/GameRender.pdc" -o "gamerender_impl_1.udb"     
map:  version Radiant (64-bit) 1.0.0.350.6

Copyright (c) 1991-1994 by NeoCAD Inc. All rights reserved.
Copyright (c) 1995 AT&T Corp.   All rights reserved.
Copyright (c) 1995-2001 Lucent Technologies Inc.  All rights reserved.
Copyright (c) 2001 Agere Systems   All rights reserved.
Copyright (c) 2002-2018 Lattice Semiconductor Corporation,  All rights reserved.
Loading device for application udb from file 'itpa08.nph' in environment: C:/lscc/radiant/1.0/ispfpga.
   Picdevice="iCE40UP5K"

   Pictype="SG48"

   Picspeed=High-Performance_1.2V

   Remove unused logic

   Do not produce over sized UDBs.

Part used: iCE40UP5KSG48, Performance used: High-Performance_1.2V.

Running general design DRC...

Removing unused logic...

Optimizing...




Design Summary:
   Number of slice registers:  49 out of  5280 (1%)
   Number of I/O registers:      0 out of   117 (0%)
   Number of LUT4s:           113 out of  5280 (2%)
      Number of logic LUT4s:              45
      Number of ripple logic:             34 (68 LUT4s)
   Number of IO sites used:   10 out of 39 (26%)
      Number of IO sites used for general PIOs: 10
      Number of IO sites used for I3Cs: 0 out of 2 (0%)
      Number of IO sites used for PIOs+I3Cs: 10 out of 36 (28%)
      (note: If I3C is not used, its site can be used as general PIO)
      Number of IO sites used for OD+RGB IO buffers: 0 out of 3 (0%)
   Number of DSPs:             0 out of 8 (0%)
   Number of I2Cs:             0 out of 2 (0%)
   Number of High Speed OSCs:  2 out of 1 (200%)
   Number of Low Speed OSCs:   0 out of 1 (0%)
   Number of RGB PWM:          0 out of 1 (0%)
   Number of RGB Drivers:      0 out of 1 (0%)
   Number of SCL FILTERs:      0 out of 2 (0%)
   Number of SRAMs:            0 out of 4 (0%)
   Number of WARMBOOTs:        0 out of 1 (0%)
   Number of SPIs:             0 out of 2 (0%)
   Number of EBRs:             0 out of 30 (0%)
   Number of PLLs:             1 out of 1 (100%)
   Number of Clocks:  4
      Net clk2: 12 loads, 12 rising, 0 falling (Driver: Pin pll_inst.lscc_pll_inst.u_PLL_B/OUTGLOBAL)
      Net game_state_inst/forty_eight_mhz_clock: 11 loads, 11 rising, 0 falling (Driver: Pin game_state_inst.osc/CLKHF)
      Net game_state_inst/forty_eight_mhz_counter[19]: 5 loads, 5 rising, 0 falling (Driver: Pin game_state_inst.forty_eight_mhz_counter_58_61__i19/Q)
      Net clk: 1 loads, 1 rising, 0 falling (Driver: Pin hsosc_inst/CLKHF)
   Number of Clock Enables:  2
      Net vga_inst/n458: 6 loads, 6 SLICEs
      Net VCC_net: 2 loads, 0 SLICEs
   Number of LSRs:  2
      Net vga_inst/n458: 6 loads, 6 SLICEs
      Net vga_inst/n879: 6 loads, 6 SLICEs
   Top 10 highest fanout non-clock nets:
      Net vga_inst/n458: 13 loads
      Net VCC_net: 11 loads
      Net game_state_inst/n129: 10 loads
      Net row_num[1]: 7 loads
      Net row_num[9]: 7 loads
      Net col_num[5]: 6 loads
      Net col_num[8]: 6 loads
      Net col_num[9]: 6 loads
      Net row_num[2]: 6 loads
      Net row_num[3]: 6 loads

Running physical design DRC...

Loading udb::Database ...
 

   Number of warnings:  0
   Number of errors:    1



Total CPU Time: 0 secs  
Total REAL Time: 0 secs  
Peak Memory Usage: 59 MB

